This is pdfTeX, Version 3.141592653-2.6-1.40.25 (TeX Live 2023/Debian) (preloaded format=pdflatex 2026.4.5)  7 APR 2026 00:23
entering extended mode
 restricted \write18 enabled.
 %&-line parsing enabled.
**convex-small-norm-lemma.tex
(./convex-small-norm-lemma.tex
LaTeX2e <2023-11-01> patch level 1
L3 programming layer <2024-01-22>
(/usr/share/texlive/texmf-dist/tex/latex/amscls/amsart.cls
Document Class: amsart 2020/05/29 v2.20.6
\linespacing=\dimen140
\normalparindent=\dimen141
\normaltopskip=\skip48
(/usr/share/texlive/texmf-dist/tex/latex/amsmath/amsmath.sty
Package: amsmath 2023/05/13 v2.17o AMS math features
\@mathmargin=\skip49

For additional information on amsmath, use the `?' option.
(/usr/share/texlive/texmf-dist/tex/latex/amsmath/amstext.sty
Package: amstext 2021/08/26 v2.01 AMS text

(/usr/share/texlive/texmf-dist/tex/latex/amsmath/amsgen.sty
File: amsgen.sty 1999/11/30 v2.0 generic functions
\@emptytoks=\toks17
\ex@=\dimen142
))
(/usr/share/texlive/texmf-dist/tex/latex/amsmath/amsbsy.sty
Package: amsbsy 1999/11/29 v1.2d Bold Symbols
\pmbraise@=\dimen143
)
(/usr/share/texlive/texmf-dist/tex/latex/amsmath/amsopn.sty
Package: amsopn 2022/04/08 v2.04 operator names
)
\inf@bad=\count187
LaTeX Info: Redefining \frac on input line 234.
\uproot@=\count188
\leftroot@=\count189
LaTeX Info: Redefining \overline on input line 399.
LaTeX Info: Redefining \colon on input line 410.
\classnum@=\count190
\DOTSCASE@=\count191
LaTeX Info: Redefining \ldots on input line 496.
LaTeX Info: Redefining \dots on input line 499.
LaTeX Info: Redefining \cdots on input line 620.
\Mathstrutbox@=\box51
\strutbox@=\box52
LaTeX Info: Redefining \big on input line 722.
LaTeX Info: Redefining \Big on input line 723.
LaTeX Info: Redefining \bigg on input line 724.
LaTeX Info: Redefining \Bigg on input line 725.
\big@size=\dimen144
LaTeX Font Info:    Redeclaring font encoding OML on input line 743.
LaTeX Font Info:    Redeclaring font encoding OMS on input line 744.
\macc@depth=\count192
LaTeX Info: Redefining \bmod on input line 905.
LaTeX Info: Redefining \pmod on input line 910.
LaTeX Info: Redefining \smash on input line 940.
LaTeX Info: Redefining \relbar on input line 970.
LaTeX Info: Redefining \Relbar on input line 971.
\c@MaxMatrixCols=\count193
\dotsspace@=\muskip16
\c@parentequation=\count194
\dspbrk@lvl=\count195
\tag@help=\toks18
\row@=\count196
\column@=\count197
\maxfields@=\count198
\andhelp@=\toks19
\eqnshift@=\dimen145
\alignsep@=\dimen146
\tagshift@=\dimen147
\tagwidth@=\dimen148
\totwidth@=\dimen149
\lineht@=\dimen150
\@envbody=\toks20
\multlinegap=\skip50
\multlinetaggap=\skip51
\mathdisplay@stack=\toks21
LaTeX Info: Redefining \[ on input line 2953.
LaTeX Info: Redefining \] on input line 2954.
)
LaTeX Font Info:    Trying to load font information for U+msa on input line 397
.

(/usr/share/texlive/texmf-dist/tex/latex/amsfonts/umsa.fd
File: umsa.fd 2013/01/14 v3.01 AMS symbols A
)
(/usr/share/texlive/texmf-dist/tex/latex/amsfonts/amsfonts.sty
Package: amsfonts 2013/01/14 v3.01 Basic AMSFonts support
\symAMSa=\mathgroup4
\symAMSb=\mathgroup5
LaTeX Font Info:    Redeclaring math symbol \hbar on input line 98.
LaTeX Font Info:    Overwriting math alphabet `\mathfrak' in version `bold'
(Font)                  U/euf/m/n --> U/euf/b/n on input line 106.
)
\copyins=\insert199
\abstractbox=\box53
\listisep=\skip52
\c@part=\count266
\c@section=\count267
\c@subsection=\count268
\c@subsubsection=\count269
\c@paragraph=\count270
\c@subparagraph=\count271
\c@figure=\count272
\c@table=\count273
\abovecaptionskip=\skip53
\belowcaptionskip=\skip54
\captionindent=\dimen151
\thm@style=\toks22
\thm@bodyfont=\toks23
\thm@headfont=\toks24
\thm@notefont=\toks25
\thm@headpunct=\toks26
\thm@preskip=\skip55
\thm@postskip=\skip56
\thm@headsep=\skip57
\dth@everypar=\toks27
)
(/usr/share/texlive/texmf-dist/tex/latex/base/inputenc.sty
Package: inputenc 2021/02/14 v1.3d Input encoding file
\inpenc@prehook=\toks28
\inpenc@posthook=\toks29
)
(/usr/share/texlive/texmf-dist/tex/latex/tools/enumerate.sty
Package: enumerate 2023/07/04 v3.00 enumerate extensions (DPC)
\@enLab=\toks30
)
(/usr/share/texlive/texmf-dist/tex/latex/amsfonts/amssymb.sty
Package: amssymb 2013/01/14 v3.01 AMS font symbols
)
(/usr/share/texlive/texmf-dist/tex/latex/mathtools/mathtools.sty
Package: mathtools 2022/06/29 v1.29 mathematical typesetting tools

(/usr/share/texlive/texmf-dist/tex/latex/graphics/keyval.sty
Package: keyval 2022/05/29 v1.15 key=value parser (DPC)
\KV@toks@=\toks31
)
(/usr/share/texlive/texmf-dist/tex/latex/tools/calc.sty
Package: calc 2023/07/08 v4.3 Infix arithmetic (KKT,FJ)
\calc@Acount=\count274
\calc@Bcount=\count275
\calc@Adimen=\dimen152
\calc@Bdimen=\dimen153
\calc@Askip=\skip58
\calc@Bskip=\skip59
LaTeX Info: Redefining \setlength on input line 80.
LaTeX Info: Redefining \addtolength on input line 81.
\calc@Ccount=\count276
\calc@Cskip=\skip60
)
(/usr/share/texlive/texmf-dist/tex/latex/mathtools/mhsetup.sty
Package: mhsetup 2021/03/18 v1.4 programming setup (MH)
)
\g_MT_multlinerow_int=\count277
\l_MT_multwidth_dim=\dimen154
\origjot=\skip61
\l_MT_shortvdotswithinadjustabove_dim=\dimen155
\l_MT_shortvdotswithinadjustbelow_dim=\dimen156
\l_MT_above_intertext_sep=\dimen157
\l_MT_below_intertext_sep=\dimen158
\l_MT_above_shortintertext_sep=\dimen159
\l_MT_below_shortintertext_sep=\dimen160
\xmathstrut@box=\box54
\xmathstrut@dim=\dimen161
)
(/usr/share/texlive/texmf-dist/tex/latex/xcolor/xcolor.sty
Package: xcolor 2023/11/15 v3.01 LaTeX color extensions (UK)

(/usr/share/texlive/texmf-dist/tex/latex/graphics-cfg/color.cfg
File: color.cfg 2016/01/02 v1.6 sample color configuration
)
Package xcolor Info: Driver file: pdftex.def on input line 274.

(/usr/share/texlive/texmf-dist/tex/latex/graphics-def/pdftex.def
File: pdftex.def 2022/09/22 v1.2b Graphics/color driver for pdftex
)
(/usr/share/texlive/texmf-dist/tex/latex/graphics/mathcolor.ltx)
Package xcolor Info: Model `cmy' substituted by `cmy0' on input line 1350.
Package xcolor Info: Model `hsb' substituted by `rgb' on input line 1354.
Package xcolor Info: Model `RGB' extended on input line 1366.
Package xcolor Info: Model `HTML' substituted by `rgb' on input line 1368.
Package xcolor Info: Model `Hsb' substituted by `hsb' on input line 1369.
Package xcolor Info: Model `tHsb' substituted by `hsb' on input line 1370.
Package xcolor Info: Model `HSB' substituted by `hsb' on input line 1371.
Package xcolor Info: Model `Gray' substituted by `gray' on input line 1372.
Package xcolor Info: Model `wave' substituted by `hsb' on input line 1373.
)
(/usr/share/texlive/texmf-dist/tex/latex/hyperref/hyperref.sty
Package: hyperref 2024-01-20 v7.01h Hypertext links for LaTeX

(/usr/share/texlive/texmf-dist/tex/generic/iftex/iftex.sty
Package: iftex 2022/02/03 v1.0f TeX engine tests
)
(/usr/share/texlive/texmf-dist/tex/latex/kvsetkeys/kvsetkeys.sty
Package: kvsetkeys 2022-10-05 v1.19 Key value parser (HO)
)
(/usr/share/texlive/texmf-dist/tex/generic/kvdefinekeys/kvdefinekeys.sty
Package: kvdefinekeys 2019-12-19 v1.6 Define keys (HO)
)
(/usr/share/texlive/texmf-dist/tex/generic/pdfescape/pdfescape.sty
Package: pdfescape 2019/12/09 v1.15 Implements pdfTeX's escape features (HO)

(/usr/share/texlive/texmf-dist/tex/generic/ltxcmds/ltxcmds.sty
Package: ltxcmds 2023-12-04 v1.26 LaTeX kernel commands for general use (HO)
)
(/usr/share/texlive/texmf-dist/tex/generic/pdftexcmds/pdftexcmds.sty
Package: pdftexcmds 2020-06-27 v0.33 Utility functions of pdfTeX for LuaTeX (HO
)

(/usr/share/texlive/texmf-dist/tex/generic/infwarerr/infwarerr.sty
Package: infwarerr 2019/12/03 v1.5 Providing info/warning/error messages (HO)
)
Package pdftexcmds Info: \pdf@primitive is available.
Package pdftexcmds Info: \pdf@ifprimitive is available.
Package pdftexcmds Info: \pdfdraftmode found.
))
(/usr/share/texlive/texmf-dist/tex/latex/hycolor/hycolor.sty
Package: hycolor 2020-01-27 v1.10 Color options for hyperref/bookmark (HO)
)
(/usr/share/texlive/texmf-dist/tex/latex/auxhook/auxhook.sty
Package: auxhook 2019-12-17 v1.6 Hooks for auxiliary files (HO)
)
(/usr/share/texlive/texmf-dist/tex/latex/hyperref/nameref.sty
Package: nameref 2023-11-26 v2.56 Cross-referencing by name of section

(/usr/share/texlive/texmf-dist/tex/latex/refcount/refcount.sty
Package: refcount 2019/12/15 v3.6 Data extraction from label references (HO)
)
(/usr/share/texlive/texmf-dist/tex/generic/gettitlestring/gettitlestring.sty
Package: gettitlestring 2019/12/15 v1.6 Cleanup title references (HO)

(/usr/share/texlive/texmf-dist/tex/latex/kvoptions/kvoptions.sty
Package: kvoptions 2022-06-15 v3.15 Key value format for package options (HO)
))
\c@section@level=\count278
)
(/usr/share/texlive/texmf-dist/tex/latex/etoolbox/etoolbox.sty
Package: etoolbox 2020/10/05 v2.5k e-TeX tools for LaTeX (JAW)
\etb@tempcnta=\count279
)
\@linkdim=\dimen162
\Hy@linkcounter=\count280
\Hy@pagecounter=\count281

(/usr/share/texlive/texmf-dist/tex/latex/hyperref/pd1enc.def
File: pd1enc.def 2024-01-20 v7.01h Hyperref: PDFDocEncoding definition (HO)
Now handling font encoding PD1 ...
... no UTF-8 mapping file for font encoding PD1
)
(/usr/share/texlive/texmf-dist/tex/generic/intcalc/intcalc.sty
Package: intcalc 2019/12/15 v1.3 Expandable calculations with integers (HO)
)
\Hy@SavedSpaceFactor=\count282

(/usr/share/texlive/texmf-dist/tex/latex/hyperref/puenc.def
File: puenc.def 2024-01-20 v7.01h Hyperref: PDF Unicode definition (HO)
Now handling font encoding PU ...
... no UTF-8 mapping file for font encoding PU
)
Package hyperref Info: Hyper figures OFF on input line 4179.
Package hyperref Info: Link nesting OFF on input line 4184.
Package hyperref Info: Hyper index ON on input line 4187.
Package hyperref Info: Plain pages OFF on input line 4194.
Package hyperref Info: Backreferencing OFF on input line 4199.
Package hyperref Info: Implicit mode ON; LaTeX internals redefined.
Package hyperref Info: Bookmarks ON on input line 4446.
\c@Hy@tempcnt=\count283

(/usr/share/texlive/texmf-dist/tex/latex/url/url.sty
\Urlmuskip=\muskip17
Package: url 2013/09/16  ver 3.4  Verb mode for urls, etc.
)
LaTeX Info: Redefining \url on input line 4784.
\XeTeXLinkMargin=\dimen163

(/usr/share/texlive/texmf-dist/tex/generic/bitset/bitset.sty
Package: bitset 2019/12/09 v1.3 Handle bit-vector datatype (HO)

(/usr/share/texlive/texmf-dist/tex/generic/bigintcalc/bigintcalc.sty
Package: bigintcalc 2019/12/15 v1.5 Expandable calculations on big integers (HO
)
))
\Fld@menulength=\count284
\Field@Width=\dimen164
\Fld@charsize=\dimen165
Package hyperref Info: Hyper figures OFF on input line 6063.
Package hyperref Info: Link nesting OFF on input line 6068.
Package hyperref Info: Hyper index ON on input line 6071.
Package hyperref Info: backreferencing OFF on input line 6078.
Package hyperref Info: Link coloring OFF on input line 6083.
Package hyperref Info: Link coloring with OCG OFF on input line 6088.
Package hyperref Info: PDF/A mode OFF on input line 6093.

(/usr/share/texlive/texmf-dist/tex/latex/base/atbegshi-ltx.sty
Package: atbegshi-ltx 2021/01/10 v1.0c Emulation of the original atbegshi
package with kernel methods
)
\Hy@abspage=\count285
\c@Item=\count286
\c@Hfootnote=\count287
)
Package hyperref Info: Driver (autodetected): hpdftex.

(/usr/share/texlive/texmf-dist/tex/latex/hyperref/hpdftex.def
File: hpdftex.def 2024-01-20 v7.01h Hyperref driver for pdfTeX

(/usr/share/texlive/texmf-dist/tex/latex/base/atveryend-ltx.sty
Package: atveryend-ltx 2020/08/19 v1.0a Emulation of the original atveryend pac
kage
with kernel methods
)
\Fld@listcount=\count288
\c@bookmark@seq@number=\count289

(/usr/share/texlive/texmf-dist/tex/latex/rerunfilecheck/rerunfilecheck.sty
Package: rerunfilecheck 2022-07-10 v1.10 Rerun checks for auxiliary files (HO)

(/usr/share/texlive/texmf-dist/tex/generic/uniquecounter/uniquecounter.sty
Package: uniquecounter 2019/12/15 v1.4 Provide unlimited unique counter (HO)
)
Package uniquecounter Info: New unique counter `rerunfilecheck' on input line 2
85.
)
\Hy@SectionHShift=\skip62
)
\c@lemma=\count290
\c@theorem=\count291
\c@corollary=\count292
\c@proposition=\count293
\c@remark=\count294

(/usr/share/texlive/texmf-dist/tex/latex/l3backend/l3backend-pdftex.def
File: l3backend-pdftex.def 2024-01-04 L3 backend support: PDF output (pdfTeX)
\l__color_backend_stack_int=\count295
\l__pdf_internal_box=\box55
)
(./convex-small-norm-lemma.aux)
\openout1 = `convex-small-norm-lemma.aux'.

LaTeX Font Info:    Checking defaults for OML/cmm/m/it on input line 20.
LaTeX Font Info:    ... okay on input line 20.
LaTeX Font Info:    Checking defaults for OMS/cmsy/m/n on input line 20.
LaTeX Font Info:    ... okay on input line 20.
LaTeX Font Info:    Checking defaults for OT1/cmr/m/n on input line 20.
LaTeX Font Info:    ... okay on input line 20.
LaTeX Font Info:    Checking defaults for T1/cmr/m/n on input line 20.
LaTeX Font Info:    ... okay on input line 20.
LaTeX Font Info:    Checking defaults for TS1/cmr/m/n on input line 20.
LaTeX Font Info:    ... okay on input line 20.
LaTeX Font Info:    Checking defaults for OMX/cmex/m/n on input line 20.
LaTeX Font Info:    ... okay on input line 20.
LaTeX Font Info:    Checking defaults for U/cmr/m/n on input line 20.
LaTeX Font Info:    ... okay on input line 20.
LaTeX Font Info:    Checking defaults for PD1/pdf/m/n on input line 20.
LaTeX Font Info:    ... okay on input line 20.
LaTeX Font Info:    Checking defaults for PU/pdf/m/n on input line 20.
LaTeX Font Info:    ... okay on input line 20.
LaTeX Font Info:    Trying to load font information for U+msa on input line 20.


(/usr/share/texlive/texmf-dist/tex/latex/amsfonts/umsa.fd
File: umsa.fd 2013/01/14 v3.01 AMS symbols A
)
LaTeX Font Info:    Trying to load font information for U+msb on input line 20.


(/usr/share/texlive/texmf-dist/tex/latex/amsfonts/umsb.fd
File: umsb.fd 2013/01/14 v3.01 AMS symbols B
)
(/usr/share/texlive/texmf-dist/tex/latex/graphics/graphicx.sty
Package: graphicx 2021/09/16 v1.2d Enhanced LaTeX Graphics (DPC,SPQR)

(/usr/share/texlive/texmf-dist/tex/latex/graphics/graphics.sty
Package: graphics 2022/03/10 v1.4e Standard LaTeX Graphics (DPC,SPQR)

(/usr/share/texlive/texmf-dist/tex/latex/graphics/trig.sty
Package: trig 2021/08/11 v1.11 sin cos tan (DPC)
)
(/usr/share/texlive/texmf-dist/tex/latex/graphics-cfg/graphics.cfg
File: graphics.cfg 2016/06/04 v1.11 sample graphics configuration
)
Package graphics Info: Driver file: pdftex.def on input line 107.
)
\Gin@req@height=\dimen166
\Gin@req@width=\dimen167
)
(/usr/share/texlive/texmf-dist/tex/context/base/mkii/supp-pdf.mkii
[Loading MPS to PDF converter (version 2006.09.02).]
\scratchcounter=\count296
\scratchdimen=\dimen168
\scratchbox=\box56
\nofMPsegments=\count297
\nofMParguments=\count298
\everyMPshowfont=\toks32
\MPscratchCnt=\count299
\MPscratchDim=\dimen169
\MPnumerator=\count300
\makeMPintoPDFobject=\count301
\everyMPtoPDFconversion=\toks33
) (/usr/share/texlive/texmf-dist/tex/latex/epstopdf-pkg/epstopdf-base.sty
Package: epstopdf-base 2020-01-24 v2.11 Base part for package epstopdf
Package epstopdf-base Info: Redefining graphics rule for `.eps' on input line 4
85.

(/usr/share/texlive/texmf-dist/tex/latex/latexconfig/epstopdf-sys.cfg
File: epstopdf-sys.cfg 2010/07/13 v1.3 Configuration of (r)epstopdf for TeX Liv
e
))
Package hyperref Info: Link coloring OFF on input line 20.

(./convex-small-norm-lemma.out) (./convex-small-norm-lemma.out)
\@outlinefile=\write3
\openout3 = `convex-small-norm-lemma.out'.

 [1{/var/lib/texmf/fonts/map/pdftex/updmap/pdftex.map}] [2] [3] [4]
Overfull \hbox (1.20625pt too wide) in paragraph at lines 407--410
\OT1/cmr/m/it/10.95 This weighted asym-me-try avoids the remote-rectangle ob-st
ruc-tion, since mass
 []

[5]
Overfull \hbox (13.73872pt too wide) in paragraph at lines 456--459
\OT1/cmr/m/it/10.95 mains, or in or-di-nary asym-me-try on con-vex per-tur-ba-t
ive classes. 
 []

[6] [7] [8]
Overfull \hbox (3.37779pt too wide) in paragraph at lines 640--644
\OT1/cmr/m/it/10.95 The real con-tent is ear-lier, namely ob-tain-ing a us-able
 es-ti-mate of $[][] \OMS/cmsy/m/n/10.95 jj\OML/cmm/m/it/10.95 z\OMS/cmsy/m/n/1
0.95 j ^^@
 []

[9]
Overfull \hbox (54.93701pt too wide) detected at line 714
[][] \OML/cmm/m/it/10.95 F\OT1/cmr/m/n/10.95 (\OML/cmm/m/it/10.95 z\OT1/cmr/m/n
/10.95 )\OML/cmm/m/it/10.95 e[]e[] dA\OT1/cmr/m/n/10.95 (\OML/cmm/m/it/10.95 z\
OT1/cmr/m/n/10.95 ) = \OMS/cmsy/m/n/10.95 ^^@[] [][] \OML/cmm/m/it/10.95 F\OT1/
cmr/m/n/10.95 (\OML/cmm/m/it/10.95 z\OT1/cmr/m/n/10.95 )\OML/cmm/m/it/10.95 e[]
e[] d[] \OT1/cmr/m/n/10.95 + [] [][] \OML/cmm/m/it/10.95 F[]\OT1/cmr/m/n/10.95 
(\OML/cmm/m/it/10.95 z\OT1/cmr/m/n/10.95 )\OML/cmm/m/it/10.95 e[]e[] dA\OT1/cmr
/m/n/10.95 (\OML/cmm/m/it/10.95 z\OT1/cmr/m/n/10.95 )\OML/cmm/m/it/10.95 :
 []


Overfull \hbox (119.60425pt too wide) detected at line 723
[][] \OML/cmm/m/it/10.95 F\OT1/cmr/m/n/10.95 (\OML/cmm/m/it/10.95 z\OT1/cmr/m/n
/10.95 )\OML/cmm/m/it/10.95 e[]e[] dA\OT1/cmr/m/n/10.95 (\OML/cmm/m/it/10.95 z\
OT1/cmr/m/n/10.95 ) = [] [] [][] \OML/cmm/m/it/10.95 F[]\OT1/cmr/m/n/10.95 (\OM
L/cmm/m/it/10.95 z\OT1/cmr/m/n/10.95 )\OML/cmm/m/it/10.95 e[]e[] d[] \OT1/cmr/m
/n/10.95 + [] [][] \OML/cmm/m/it/10.95 F[]\OT1/cmr/m/n/10.95 (\OML/cmm/m/it/10.
95 z\OT1/cmr/m/n/10.95 )\OML/cmm/m/it/10.95 e[]e[] dA\OT1/cmr/m/n/10.95 (\OML/c
mm/m/it/10.95 z\OT1/cmr/m/n/10.95 )\OML/cmm/m/it/10.95 :
 []

[10]
Overfull \hbox (6.25641pt too wide) detected at line 789
[]\OML/cmm/m/it/10.95 ^^U \OMS/cmsy/m/n/10.95 ^^@ \OT1/cmr/bx/n/10.95 1[]\OT1/c
mr/m/n/10.95 (\OML/cmm/m/it/10.95 w\OT1/cmr/m/n/10.95 )[]\OML/cmm/m/it/10.95 F\
OT1/cmr/m/n/10.95 (\OML/cmm/m/it/10.95 w\OT1/cmr/m/n/10.95 ) = [] [][] [][]\OML
/cmm/m/it/10.95 r[]\OT1/cmr/m/n/10.95 (\OML/cmm/m/it/10.95 ^^R\OT1/cmr/m/n/10.9
5 ) + \OML/cmm/m/it/10.95 ir\OT1/cmr/m/n/10.95 (\OML/cmm/m/it/10.95 ^^R\OT1/cmr
/m/n/10.95 )[]\OML/cmm/m/it/10.95 e[] d^^R:
 []


Overfull \hbox (14.26822pt too wide) detected at line 856
\OT1/cmr/m/n/10.95 	[](\OML/cmm/m/it/10.95 \OT1/cmr/m/n/10.95 ) = \OML/cmm/m/i
t/10.95 ^^Yth\OT1/cmr/m/n/10.95 (\OML/cmm/m/it/10.95 ^^L\OT1/cmr/m/n/10.95 ) \O
MS/cmsy/m/n/10.95 ^^@ \OML/cmm/m/it/10.95 ^^Y\OMS/cmsy/m/n/10.95 j\OML/cmm/m/it
/10.95 z\OT1/cmr/m/n/10.95 (\OML/cmm/m/it/10.95 ^^L\OT1/cmr/m/n/10.95 )\OMS/cms
y/m/n/10.95 j[] ^^@ [][]\OML/cmm/m/it/10.95 h\OT1/cmr/m/n/10.95 (\OML/cmm/m/it/
10.95 ^^L\OT1/cmr/m/n/10.95 ) + \OML/cmm/m/it/10.95 h[]\OT1/cmr/m/n/10.95 (\OML
/cmm/m/it/10.95 ^^L\OT1/cmr/m/n/10.95 )[](\OML/cmm/m/it/10.95  \OMS/cmsy/m/n/1
0.95 ^^@ \OML/cmm/m/it/10.95 ^^L\OT1/cmr/m/n/10.95 )[] + \OML/cmm/m/it/10.95 O[
]t\OMS/cmsy/m/n/10.95 j\OML/cmm/m/it/10.95  \OMS/cmsy/m/n/10.95 ^^@ \OML/cmm/m
/it/10.95 ^^L\OMS/cmsy/m/n/10.95 j[][] \OT1/cmr/m/n/10.95 + \OML/cmm/m/it/10.95
 O\OT1/cmr/m/n/10.95 (\OMS/cmsy/m/n/10.95 j\OML/cmm/m/it/10.95  \OMS/cmsy/m/n/
10.95 ^^@ \OML/cmm/m/it/10.95 ^^L\OMS/cmsy/m/n/10.95 j\OT1/cmr/m/n/10.95 )\OML/
cmm/m/it/10.95 :
 []

[11] [12]
Overfull \hbox (88.6435pt too wide) detected at line 984
\OT1/cmr/m/n/10.95 (\OML/cmm/m/it/10.95 k \OMS/cmsy/m/n/10.95 ^^@ \OML/cmm/m/it
/10.95 m\OT1/cmr/m/n/10.95 )! \OML/cmm/m/it/10.95 k\OT1/cmr/m/n/10.95 !  \OMS/c
msy/m/n/10.95 ^^X  \OT1/cmr/m/n/10.95 2\OML/cmm/m/it/10.95 ^^Y[]  [][]   [][]  
\OMS/cmsy/m/n/10.95 ^^X  \OML/cmm/m/it/10.95 k[]e[] \OT1/cmr/m/n/10.95 ([])\OML
/cmm/m/it/10.95 ;
 []

[13]
Overfull \hbox (14.14313pt too wide) in paragraph at lines 1028--1032
\OT1/cmr/m/n/10.95 Comparison and self-consistency. \OT1/cmr/m/it/10.95 Since $
\OML/cmm/m/it/10.95 R \OT1/cmr/m/n/10.95 = []$\OT1/cmr/m/it/10.95 , bound [] re
ads $\OMS/cmsy/m/n/10.95 k\OML/cmm/m/it/10.95 ^^Z\OMS/cmsy/m/n/10.95 k[]\OML/cm
m/m/it/10.95 =R \U/msa/m/n/10.95 .
 []


Overfull \hbox (24.79329pt too wide) in paragraph at lines 1034--1036
\OT1/cmr/m/n/10.95 Symmetric-difference con-trol. \OT1/cmr/m/it/10.95 By Cauchy
--Schwarz and the in-clu-sion $\OML/cmm/m/it/10.95 U\OMS/cmsy/m/n/10.95 4\OML/c
mm/m/it/10.95 D[]\OT1/cmr/m/n/10.95 (0) \OMS/cmsy/m/n/10.95 ^^Z
 []


Overfull \hbox (12.7541pt too wide) detected at line 1042
[]
 []

[14]
Overfull \hbox (8.7765pt too wide) in paragraph at lines 1087--1094
[]\OT1/cmr/bx/it/10.95 (d) The full eigen-func-tion hy-poth-e-sis. \OT1/cmr/m/i
t/10.95 We only used $\OMS/cmsy/m/n/10.95 kL[]\OML/cmm/m/it/10.95 e[] \OMS/cmsy
/m/n/10.95 ^^@ \OML/cmm/m/it/10.95 ^^Ue[]\OMS/cmsy/m/n/10.95 k[] ^^T
 []


Overfull \hbox (31.54124pt too wide) in paragraph at lines 1096--1100
\OT1/cmr/m/it/10.95 can make the Stir-ling step more ex-plicit. The func-tion $
\OML/cmm/m/it/10.95 G[]\OT1/cmr/m/n/10.95 (\OML/cmm/m/it/10.95 ^^R\OT1/cmr/m/n/
10.95 ) = [][] \OML/cmm/m/it/10.95 s[]e[] ds$
 []


Overfull \hbox (1.21828pt too wide) in paragraph at lines 1126--1134
\OT1/cmr/m/it/10.95 the second-order cor-rec-tion to []. At $\OML/cmm/m/it/10.9
5 r \OT1/cmr/m/n/10.95 = \OML/cmm/m/it/10.95 R$ \OT1/cmr/m/it/10.95 the sec-ond
 de-riv-a-tive $\OML/cmm/m/it/10.95 G[]\OT1/cmr/m/n/10.95 (\OML/cmm/m/it/10.95 
R\OT1/cmr/m/n/10.95 ) =
 []

[15] [16] [17] [18]
Overfull \hbox (66.98239pt too wide) detected at line 1385
\OML/cmm/m/it/10.95 F\OT1/cmr/m/n/10.95 (\OML/cmm/m/it/10.95 x \OT1/cmr/m/n/10.
95 + \OML/cmm/m/it/10.95 iy\OT1/cmr/m/n/10.95 ) = \OML/cmm/m/it/10.95 F\OT1/cmr
/m/n/10.95 (\OML/cmm/m/it/10.95 x\OT1/cmr/m/n/10.95 ) + \OML/cmm/m/it/10.95 O\O
T1/cmr/m/n/10.95 (\OML/cmm/m/it/10.95 L[]@[]F\OT1/cmr/m/n/10.95 )\OML/cmm/m/it/
10.95 ;  e[] \OT1/cmr/m/n/10.95 = 1 + \OML/cmm/m/it/10.95 O\OT1/cmr/m/n/10.95 (
\OML/cmm/m/it/10.95 L[]\OT1/cmr/m/n/10.95 )\OML/cmm/m/it/10.95 ;  e[] \OT1/cmr/
m/n/10.95 = 1 + \OML/cmm/m/it/10.95 O\OT1/cmr/m/n/10.95 (\OML/cmm/m/it/10.95 L[
]\OMS/cmsy/m/n/10.95 j\OML/cmm/m/it/10.95 w\OMS/cmsy/m/n/10.95 j\OT1/cmr/m/n/10
.95 )\OML/cmm/m/it/10.95 :
 []


Overfull \hbox (17.88411pt too wide) in paragraph at lines 1402--1405
\OT1/cmr/m/it/10.95 where $\OML/cmm/m/it/10.95 T[]$ \OT1/cmr/m/it/10.95 is an e
f-fec-tive one-dimensional in-te-gral op-er-a-tor act-ing on $\OT1/cmr/m/n/10.9
5 [\OMS/cmsy/m/n/10.95 ^^@\OML/cmm/m/it/10.95 L=\OT1/cmr/m/n/10.95 2\OML/cmm/m/
it/10.95 ; L=\OT1/cmr/m/n/10.95 2]$\OT1/cmr/m/it/10.95 . 
 []

[19]
Overfull \hbox (1.69847pt too wide) in paragraph at lines 1457--1462
[]\OT1/cmr/bx/it/10.95 (c) Fail-ure of disk-like be-hav-ior. \OT1/cmr/m/it/10.9
5 These modes are strongly anisotropic
 []


Overfull \hbox (24.87665pt too wide) in paragraph at lines 1481--1484
\OT1/cmr/m/it/10.95 in the bulk, with the end-point cor-rec-tions en-coded by t
he trun-ca-tion to $\OT1/cmr/m/n/10.95 [\OMS/cmsy/m/n/10.95 ^^@\OML/cmm/m/it/10
.95 L=\OT1/cmr/m/n/10.95 2\OML/cmm/m/it/10.95 ; L=\OT1/cmr/m/n/10.95 2]$\OT1/cm
r/m/it/10.95 . 
 []

[20] [21] (./convex-small-norm-lemma.aux)
 ***********
LaTeX2e <2023-11-01> patch level 1
L3 programming layer <2024-01-22>
 ***********
Package rerunfilecheck Info: File `convex-small-norm-lemma.out' has not changed
.
(rerunfilecheck)             Checksum: 389DCBD76A44D785234921EC65A147DB;1311.
 ) 
Here is how much of TeX's memory you used:
 11309 strings out of 474222
 170387 string characters out of 5748734
 1939975 words of memory out of 5000000
 33185 multiletter control sequences out of 15000+600000
 567543 words of font info for 71 fonts, out of 8000000 for 9000
 1302 hyphenation exceptions out of 8191
 75i,12n,79p,612b,683s stack positions out of 10000i,1000n,20000p,200000b,200000s
</usr/share/texlive/texmf-dist/fonts/type1/public/amsfonts/cm/cmbx10.pfb></us
r/share/texlive/texmf-dist/fonts/type1/public/amsfonts/cm/cmbxti10.pfb></usr/sh
are/texlive/texmf-dist/fonts/type1/public/amsfonts/cm/cmcsc10.pfb></usr/share/t
exlive/texmf-dist/fonts/type1/public/amsfonts/cm/cmex10.pfb></usr/share/texlive
/texmf-dist/fonts/type1/public/amsfonts/cm/cmmi10.pfb></usr/share/texlive/texmf
-dist/fonts/type1/public/amsfonts/cm/cmmi6.pfb></usr/share/texlive/texmf-dist/f
onts/type1/public/amsfonts/cm/cmmi8.pfb></usr/share/texlive/texmf-dist/fonts/ty
pe1/public/amsfonts/cm/cmr10.pfb></usr/share/texlive/texmf-dist/fonts/type1/pub
lic/amsfonts/cm/cmr6.pfb></usr/share/texlive/texmf-dist/fonts/type1/public/amsf
onts/cm/cmr8.pfb></usr/share/texlive/texmf-dist/fonts/type1/public/amsfonts/cm/
cmsy10.pfb></usr/share/texlive/texmf-dist/fonts/type1/public/amsfonts/cm/cmsy6.
pfb></usr/share/texlive/texmf-dist/fonts/type1/public/amsfonts/cm/cmsy8.pfb></u
sr/share/texlive/texmf-dist/fonts/type1/public/amsfonts/cm/cmti10.pfb></usr/sha
re/texlive/texmf-dist/fonts/type1/public/amsfonts/cm/cmti8.pfb></usr/share/texl
ive/texmf-dist/fonts/type1/public/amsfonts/symbols/msam10.pfb></usr/share/texli
ve/texmf-dist/fonts/type1/public/amsfonts/symbols/msbm10.pfb>
Output written on convex-small-norm-lemma.pdf (21 pages, 306052 bytes).
PDF statistics:
 299 PDF objects out of 1000 (max. 8388607)
 239 compressed objects within 3 object streams
 82 named destinations out of 1000 (max. 500000)
 33 words of extra memory for PDF output out of 10000 (max. 10000000)

